Arguments: 
  /home/starcout/.nvm/versions/node/v18.17.1/bin/node /home/starcout/.nvm/versions/node/v18.17.1/bin/yarn

PATH: 
  /home/starcout/.fly/bin:/home/starcout/.local/bin:/home/starcout/.nvm/versions/node/v18.17.1/bin:/home/starcout/.fly/bin:/home/starcout/.cargo/bin:/home/starcout/.local/bin:/home/starcout/.fly/bin:/usr/local/sbin:/usr/local/bin:/usr/sbin:/usr/bin:/sbin:/bin:/usr/games:/usr/local/games:/snap/bin:/snap/bin:/home/starcout/.local/share/JetBrains/Toolbox/scripts:/home/starcout/.local/share/JetBrains/Toolbox/scripts

Yarn version: 
  1.22.19

Node version: 
  18.17.1

Platform: 
  linux x64

Trace: 
  SyntaxError: /home/starcout/work/Horario/package.json: Unexpected token } in JSON at position 347
      at JSON.parse (<anonymous>)
      at /home/starcout/.nvm/versions/node/v18.17.1/lib/node_modules/yarn/lib/cli.js:1629:59
      at Generator.next (<anonymous>)
      at step (/home/starcout/.nvm/versions/node/v18.17.1/lib/node_modules/yarn/lib/cli.js:310:30)
      at /home/starcout/.nvm/versions/node/v18.17.1/lib/node_modules/yarn/lib/cli.js:321:13

npm manifest: 
  {
    "name": "horario",
    "version": "1.0.0",
    "description": "",
    "main": "index.js",
    "dependencies": {
      "@web3modal/wagmi": "^3.5.3",
      "cors": "^2.8.5",
      "express": "^4.18.2",
      "fs": "^0.0.1-security",
      "import-sync": "^2.2.0",
      "nodemon": "^3.0.2",
      "path": "^0.12.7",
      "pg": "^8.11.3",
      "sequelize": "^6.35.2",
    },
    "devDependencies": {},
    "scripts": {
      "start": "nodemon src/index.js",
      "test": "echo \"Error: no test specified\" && exit 1"
    },
    "author": "",
    "license": "ISC"
  }

yarn manifest: 
  No manifest

Lockfile: 
  No lockfile
